#! c:/iverilog-x64/bin/vvp
:ivl_version "10.1 (stable)" "(v10_1_1)";
:ivl_delay_selection "TYPICAL";
:vpi_time_precision + 0;
:vpi_module "system";
:vpi_module "vhdl_sys";
:vpi_module "v2005_math";
:vpi_module "va_math";
S_00000000026f58d0 .scope module, "counter_tb" "counter_tb" 2 2;
 .timescale 0 0;
v00000000010968d0_0 .var "clock", 0 0;
v0000000001096970_0 .net "counter_out", 3 0, v00000000026f5bd0_0;  1 drivers
v0000000001096a10_0 .var "enable", 0 0;
v000000000274c830_0 .var "reset", 0 0;
S_00000000026f5a50 .scope module, "U_counter" "counter" 2 26, 3 1 0, S_00000000026f58d0;
 .timescale 0 0;
    .port_info 0 /INPUT 1 "clock"
    .port_info 1 /INPUT 1 "reset"
    .port_info 2 /INPUT 1 "enable"
    .port_info 3 /OUTPUT 4 "counter_out"
v00000000026f9690_0 .net "clock", 0 0, v00000000010968d0_0;  1 drivers
v00000000026f5bd0_0 .var "counter_out", 3 0;
v00000000026f9050_0 .net "enable", 0 0, v0000000001096a10_0;  1 drivers
v0000000001096830_0 .net "reset", 0 0, v000000000274c830_0;  1 drivers
E_000000000109c950 .event posedge, v00000000026f9690_0;
S_00000000010966b0 .scope begin, "COUNTER" "COUNTER" 3 23, 3 23 0, S_00000000026f5a50;
 .timescale 0 0;
    .scope S_00000000026f5a50;
T_0 ;
    %wait E_000000000109c950;
    %fork t_1, S_00000000010966b0;
    %jmp t_0;
    .scope S_00000000010966b0;
t_1 ;
    %load/vec4 v0000000001096830_0;
    %cmpi/e 1, 0, 1;
    %jmp/0xz  T_0.0, 4;
    %pushi/vec4 0, 0, 4;
    %assign/vec4 v00000000026f5bd0_0, 1;
    %jmp T_0.1;
T_0.0 ;
    %load/vec4 v00000000026f9050_0;
    %cmpi/e 1, 0, 1;
    %jmp/0xz  T_0.2, 4;
    %load/vec4 v00000000026f5bd0_0;
    %addi 1, 0, 4;
    %assign/vec4 v00000000026f5bd0_0, 1;
T_0.2 ;
T_0.1 ;
    %end;
    .scope S_00000000026f5a50;
t_0 %join;
    %jmp T_0;
    .thread T_0;
    .scope S_00000000026f58d0;
T_1 ;
    %vpi_call 2 8 "$display", "time\011 clk reset enable counter" {0 0 0};
    %vpi_call 2 9 "$monitor", "%g\011 %b %b %b", $time, v00000000010968d0_0, v000000000274c830_0, v0000000001096a10_0, v0000000001096970_0 {0 0 0};
    %pushi/vec4 1, 0, 1;
    %store/vec4 v00000000010968d0_0, 0, 1;
    %pushi/vec4 0, 0, 1;
    %store/vec4 v000000000274c830_0, 0, 1;
    %pushi/vec4 0, 0, 1;
    %store/vec4 v0000000001096a10_0, 0, 1;
    %delay 5, 0;
    %pushi/vec4 1, 0, 1;
    %store/vec4 v000000000274c830_0, 0, 1;
    %delay 10, 0;
    %pushi/vec4 0, 0, 1;
    %store/vec4 v000000000274c830_0, 0, 1;
    %delay 100, 0;
    %pushi/vec4 0, 0, 1;
    %store/vec4 v0000000001096a10_0, 0, 1;
    %delay 5, 0;
    %vpi_call 2 17 "$finish" {0 0 0};
    %end;
    .thread T_1;
    .scope S_00000000026f58d0;
T_2 ;
    %delay 5, 0;
    %load/vec4 v00000000010968d0_0;
    %inv;
    %store/vec4 v00000000010968d0_0, 0, 1;
    %jmp T_2;
    .thread T_2;
# The file index is used to find the file name in the following table.
:file_names 4;
    "N/A";
    "<interactive>";
    "counter_tb.v";
    "./counter.v";
